<?xml version="1.0" encoding="UTF-8"?>
<!-- Generated by org.testng.reporters.JUnitReportReporter -->
<testsuite hostname="Sanjidas-MBP.lan" failures="0" tests="2" name="runners.TestRunner" time="9.971" errors="0" timestamp="11 Mar 2024 20:29:34 GMT">
  <testcase classname="runners.TestRunner" name="runScenario" time="4.839"/>
  <testcase classname="runners.TestRunner" name="runScenario" time="5.132"/>
</testsuite> <!-- runners.TestRunner -->
